{"/Users/franknguyen/projects/parpass/parpass-api/db.js": {"path":"/Users/franknguyen/projects/parpass/parpass-api/db.js","statementMap":{"0":{"start":{"line":1,"column":17},"end":{"line":1,"column":30}},"1":{"start":{"line":2,"column":0},"end":{"line":2,"column":27}},"2":{"start":{"line":4,"column":13},"end":{"line":6,"column":2}},"3":{"start":{"line":8,"column":0},"end":{"line":10,"column":2}},"4":{"start":{"line":9,"column":27},"end":{"line":9,"column":51}}},"fnMap":{"0":{"name":"(anonymous_0)","decl":{"start":{"line":9,"column":9},"end":{"line":9,"column":10}},"loc":{"start":{"line":9,"column":27},"end":{"line":9,"column":51}},"line":9}},"branchMap":{},"s":{"0":1,"1":1,"2":1,"3":1,"4":0},"f":{"0":0},"b":{},"_coverageSchema":"1a1c01bbd47fc00a2c39e90264f33305004495a9","hash":"53b9e9c5823568a7d38dc5d9aef722f7b063d99a"}
,"/Users/franknguyen/projects/parpass/parpass-api/index.js": {"path":"/Users/franknguyen/projects/parpass/parpass-api/index.js","statementMap":{"0":{"start":{"line":1,"column":16},"end":{"line":1,"column":34}},"1":{"start":{"line":2,"column":13},"end":{"line":2,"column":28}},"2":{"start":{"line":3,"column":11},"end":{"line":3,"column":26}},"3":{"start":{"line":4,"column":0},"end":{"line":4,"column":27}},"4":{"start":{"line":6,"column":12},"end":{"line":6,"column":21}},"5":{"start":{"line":7,"column":13},"end":{"line":7,"column":37}},"6":{"start":{"line":10,"column":0},"end":{"line":10,"column":16}},"7":{"start":{"line":11,"column":0},"end":{"line":11,"column":24}},"8":{"start":{"line":14,"column":0},"end":{"line":16,"column":3}},"9":{"start":{"line":15,"column":2},"end":{"line":15,"column":50}},"10":{"start":{"line":19,"column":0},"end":{"line":37,"column":3}},"11":{"start":{"line":20,"column":2},"end":{"line":36,"column":3}},"12":{"start":{"line":21,"column":21},"end":{"line":21,"column":30}},"13":{"start":{"line":22,"column":16},"end":{"line":22,"column":67}},"14":{"start":{"line":23,"column":19},"end":{"line":23,"column":21}},"15":{"start":{"line":25,"column":4},"end":{"line":28,"column":5}},"16":{"start":{"line":26,"column":6},"end":{"line":26,"column":41}},"17":{"start":{"line":27,"column":6},"end":{"line":27,"column":24}},"18":{"start":{"line":30,"column":4},"end":{"line":30,"column":30}},"19":{"start":{"line":31,"column":19},"end":{"line":31,"column":48}},"20":{"start":{"line":32,"column":4},"end":{"line":32,"column":26}},"21":{"start":{"line":34,"column":4},"end":{"line":34,"column":23}},"22":{"start":{"line":35,"column":4},"end":{"line":35,"column":52}},"23":{"start":{"line":40,"column":0},"end":{"line":54,"column":3}},"24":{"start":{"line":41,"column":2},"end":{"line":53,"column":3}},"25":{"start":{"line":42,"column":19},"end":{"line":42,"column":29}},"26":{"start":{"line":43,"column":19},"end":{"line":43,"column":83}},"27":{"start":{"line":45,"column":4},"end":{"line":47,"column":5}},"28":{"start":{"line":46,"column":6},"end":{"line":46,"column":65}},"29":{"start":{"line":49,"column":4},"end":{"line":49,"column":29}},"30":{"start":{"line":51,"column":4},"end":{"line":51,"column":23}},"31":{"start":{"line":52,"column":4},"end":{"line":52,"column":52}},"32":{"start":{"line":57,"column":0},"end":{"line":81,"column":3}},"33":{"start":{"line":58,"column":2},"end":{"line":80,"column":3}},"34":{"start":{"line":59,"column":21},"end":{"line":59,"column":31}},"35":{"start":{"line":60,"column":19},"end":{"line":70,"column":14}},"36":{"start":{"line":72,"column":4},"end":{"line":74,"column":5}},"37":{"start":{"line":73,"column":6},"end":{"line":73,"column":65}},"38":{"start":{"line":76,"column":4},"end":{"line":76,"column":29}},"39":{"start":{"line":78,"column":4},"end":{"line":78,"column":23}},"40":{"start":{"line":79,"column":4},"end":{"line":79,"column":52}},"41":{"start":{"line":84,"column":0},"end":{"line":99,"column":3}},"42":{"start":{"line":85,"column":2},"end":{"line":98,"column":3}},"43":{"start":{"line":86,"column":19},"end":{"line":86,"column":29}},"44":{"start":{"line":87,"column":19},"end":{"line":92,"column":12}},"45":{"start":{"line":94,"column":4},"end":{"line":94,"column":68}},"46":{"start":{"line":96,"column":4},"end":{"line":96,"column":23}},"47":{"start":{"line":97,"column":4},"end":{"line":97,"column":52}},"48":{"start":{"line":102,"column":0},"end":{"line":167,"column":3}},"49":{"start":{"line":103,"column":2},"end":{"line":166,"column":3}},"50":{"start":{"line":104,"column":56},"end":{"line":104,"column":64}},"51":{"start":{"line":107,"column":25},"end":{"line":113,"column":19}},"52":{"start":{"line":115,"column":4},"end":{"line":117,"column":5}},"53":{"start":{"line":116,"column":6},"end":{"line":116,"column":65}},"54":{"start":{"line":119,"column":19},"end":{"line":119,"column":39}},"55":{"start":{"line":121,"column":4},"end":{"line":123,"column":5}},"56":{"start":{"line":122,"column":6},"end":{"line":122,"column":69}},"57":{"start":{"line":126,"column":24},"end":{"line":131,"column":19}},"58":{"start":{"line":133,"column":23},"end":{"line":133,"column":64}},"59":{"start":{"line":135,"column":4},"end":{"line":137,"column":5}},"60":{"start":{"line":136,"column":6},"end":{"line":136,"column":76}},"61":{"start":{"line":140,"column":25},"end":{"line":140,"column":96}},"62":{"start":{"line":142,"column":4},"end":{"line":144,"column":5}},"63":{"start":{"line":143,"column":6},"end":{"line":143,"column":65}},"64":{"start":{"line":146,"column":19},"end":{"line":146,"column":39}},"65":{"start":{"line":148,"column":4},"end":{"line":150,"column":5}},"66":{"start":{"line":149,"column":6},"end":{"line":149,"column":91}},"67":{"start":{"line":153,"column":26},"end":{"line":157,"column":44}},"68":{"start":{"line":159,"column":4},"end":{"line":162,"column":7}},"69":{"start":{"line":164,"column":4},"end":{"line":164,"column":23}},"70":{"start":{"line":165,"column":4},"end":{"line":165,"column":52}},"71":{"start":{"line":170,"column":0},"end":{"line":186,"column":3}},"72":{"start":{"line":171,"column":2},"end":{"line":185,"column":3}},"73":{"start":{"line":172,"column":19},"end":{"line":172,"column":29}},"74":{"start":{"line":173,"column":19},"end":{"line":179,"column":12}},"75":{"start":{"line":181,"column":4},"end":{"line":181,"column":26}},"76":{"start":{"line":183,"column":4},"end":{"line":183,"column":23}},"77":{"start":{"line":184,"column":4},"end":{"line":184,"column":52}},"78":{"start":{"line":189,"column":0},"end":{"line":206,"column":3}},"79":{"start":{"line":190,"column":2},"end":{"line":205,"column":3}},"80":{"start":{"line":191,"column":19},"end":{"line":191,"column":29}},"81":{"start":{"line":192,"column":26},"end":{"line":192,"column":34}},"82":{"start":{"line":194,"column":19},"end":{"line":199,"column":23}},"83":{"start":{"line":201,"column":4},"end":{"line":201,"column":77}},"84":{"start":{"line":203,"column":4},"end":{"line":203,"column":23}},"85":{"start":{"line":204,"column":4},"end":{"line":204,"column":52}},"86":{"start":{"line":209,"column":0},"end":{"line":223,"column":3}},"87":{"start":{"line":210,"column":2},"end":{"line":222,"column":3}},"88":{"start":{"line":211,"column":29},"end":{"line":211,"column":39}},"89":{"start":{"line":213,"column":4},"end":{"line":216,"column":23}},"90":{"start":{"line":218,"column":4},"end":{"line":218,"column":46}},"91":{"start":{"line":220,"column":4},"end":{"line":220,"column":23}},"92":{"start":{"line":221,"column":4},"end":{"line":221,"column":52}},"93":{"start":{"line":226,"column":0},"end":{"line":230,"column":1}},"94":{"start":{"line":227,"column":2},"end":{"line":229,"column":5}},"95":{"start":{"line":228,"column":4},"end":{"line":228,"column":67}},"96":{"start":{"line":232,"column":0},"end":{"line":232,"column":21}}},"fnMap":{"0":{"name":"(anonymous_0)","decl":{"start":{"line":14,"column":13},"end":{"line":14,"column":14}},"loc":{"start":{"line":14,"column":27},"end":{"line":16,"column":1}},"line":14},"1":{"name":"(anonymous_1)","decl":{"start":{"line":19,"column":24},"end":{"line":19,"column":25}},"loc":{"start":{"line":19,"column":44},"end":{"line":37,"column":1}},"line":19},"2":{"name":"(anonymous_2)","decl":{"start":{"line":40,"column":28},"end":{"line":40,"column":29}},"loc":{"start":{"line":40,"column":48},"end":{"line":54,"column":1}},"line":40},"3":{"name":"(anonymous_3)","decl":{"start":{"line":57,"column":35},"end":{"line":57,"column":36}},"loc":{"start":{"line":57,"column":55},"end":{"line":81,"column":1}},"line":57},"4":{"name":"(anonymous_4)","decl":{"start":{"line":84,"column":34},"end":{"line":84,"column":35}},"loc":{"start":{"line":84,"column":54},"end":{"line":99,"column":1}},"line":84},"5":{"name":"(anonymous_5)","decl":{"start":{"line":102,"column":26},"end":{"line":102,"column":27}},"loc":{"start":{"line":102,"column":46},"end":{"line":167,"column":1}},"line":102},"6":{"name":"(anonymous_6)","decl":{"start":{"line":170,"column":38},"end":{"line":170,"column":39}},"loc":{"start":{"line":170,"column":58},"end":{"line":186,"column":1}},"line":170},"7":{"name":"(anonymous_7)","decl":{"start":{"line":189,"column":39},"end":{"line":189,"column":40}},"loc":{"start":{"line":189,"column":59},"end":{"line":206,"column":1}},"line":189},"8":{"name":"(anonymous_8)","decl":{"start":{"line":209,"column":51},"end":{"line":209,"column":52}},"loc":{"start":{"line":209,"column":71},"end":{"line":223,"column":1}},"line":209},"9":{"name":"(anonymous_9)","decl":{"start":{"line":227,"column":19},"end":{"line":227,"column":20}},"loc":{"start":{"line":227,"column":25},"end":{"line":229,"column":3}},"line":227}},"branchMap":{"0":{"loc":{"start":{"line":7,"column":13},"end":{"line":7,"column":37}},"type":"binary-expr","locations":[{"start":{"line":7,"column":13},"end":{"line":7,"column":29}},{"start":{"line":7,"column":33},"end":{"line":7,"column":37}}],"line":7},"1":{"loc":{"start":{"line":25,"column":4},"end":{"line":28,"column":5}},"type":"if","locations":[{"start":{"line":25,"column":4},"end":{"line":28,"column":5}},{"start":{},"end":{}}],"line":25},"2":{"loc":{"start":{"line":45,"column":4},"end":{"line":47,"column":5}},"type":"if","locations":[{"start":{"line":45,"column":4},"end":{"line":47,"column":5}},{"start":{},"end":{}}],"line":45},"3":{"loc":{"start":{"line":72,"column":4},"end":{"line":74,"column":5}},"type":"if","locations":[{"start":{"line":72,"column":4},"end":{"line":74,"column":5}},{"start":{},"end":{}}],"line":72},"4":{"loc":{"start":{"line":104,"column":34},"end":{"line":104,"column":51}},"type":"default-arg","locations":[{"start":{"line":104,"column":49},"end":{"line":104,"column":51}}],"line":104},"5":{"loc":{"start":{"line":115,"column":4},"end":{"line":117,"column":5}},"type":"if","locations":[{"start":{"line":115,"column":4},"end":{"line":117,"column":5}},{"start":{},"end":{}}],"line":115},"6":{"loc":{"start":{"line":121,"column":4},"end":{"line":123,"column":5}},"type":"if","locations":[{"start":{"line":121,"column":4},"end":{"line":123,"column":5}},{"start":{},"end":{}}],"line":121},"7":{"loc":{"start":{"line":135,"column":4},"end":{"line":137,"column":5}},"type":"if","locations":[{"start":{"line":135,"column":4},"end":{"line":137,"column":5}},{"start":{},"end":{}}],"line":135},"8":{"loc":{"start":{"line":142,"column":4},"end":{"line":144,"column":5}},"type":"if","locations":[{"start":{"line":142,"column":4},"end":{"line":144,"column":5}},{"start":{},"end":{}}],"line":142},"9":{"loc":{"start":{"line":148,"column":4},"end":{"line":150,"column":5}},"type":"if","locations":[{"start":{"line":148,"column":4},"end":{"line":150,"column":5}},{"start":{},"end":{}}],"line":148},"10":{"loc":{"start":{"line":148,"column":8},"end":{"line":148,"column":68}},"type":"binary-expr","locations":[{"start":{"line":148,"column":8},"end":{"line":148,"column":42}},{"start":{"line":148,"column":46},"end":{"line":148,"column":68}}],"line":148},"11":{"loc":{"start":{"line":201,"column":25},"end":{"line":201,"column":75}},"type":"binary-expr","locations":[{"start":{"line":201,"column":25},"end":{"line":201,"column":39}},{"start":{"line":201,"column":43},"end":{"line":201,"column":75}}],"line":201},"12":{"loc":{"start":{"line":226,"column":0},"end":{"line":230,"column":1}},"type":"if","locations":[{"start":{"line":226,"column":0},"end":{"line":230,"column":1}},{"start":{},"end":{}}],"line":226}},"s":{"0":1,"1":1,"2":1,"3":1,"4":1,"5":1,"6":1,"7":1,"8":1,"9":0,"10":1,"11":4,"12":4,"13":4,"14":4,"15":4,"16":2,"17":2,"18":4,"19":4,"20":3,"21":1,"22":1,"23":1,"24":0,"25":0,"26":0,"27":0,"28":0,"29":0,"30":0,"31":0,"32":1,"33":3,"34":3,"35":3,"36":2,"37":1,"38":1,"39":1,"40":1,"41":1,"42":0,"43":0,"44":0,"45":0,"46":0,"47":0,"48":1,"49":10,"50":10,"51":10,"52":10,"53":1,"54":9,"55":9,"56":2,"57":7,"58":7,"59":7,"60":2,"61":5,"62":5,"63":1,"64":4,"65":4,"66":1,"67":3,"68":3,"69":0,"70":0,"71":1,"72":3,"73":3,"74":3,"75":2,"76":1,"77":1,"78":1,"79":3,"80":3,"81":3,"82":3,"83":2,"84":1,"85":1,"86":1,"87":3,"88":3,"89":3,"90":2,"91":1,"92":1,"93":1,"94":0,"95":0,"96":1},"f":{"0":0,"1":4,"2":0,"3":3,"4":0,"5":10,"6":3,"7":3,"8":3,"9":0},"b":{"0":[1,0],"1":[2,2],"2":[0,0],"3":[1,1],"4":[9],"5":[1,9],"6":[2,7],"7":[2,5],"8":[1,4],"9":[1,3],"10":[4,2],"11":[2,1],"12":[0,1]},"_coverageSchema":"1a1c01bbd47fc00a2c39e90264f33305004495a9","hash":"1ecc03413a0a87f6321fd7c352fc0ee0e6509aac"}
}
