TN:
SF:db.js
FN:9,(anonymous_0)
FNF:1
FNH:0
FNDA:0,(anonymous_0)
DA:1,1
DA:2,1
DA:4,1
DA:8,1
DA:9,0
LF:5
LH:4
BRF:0
BRH:0
end_of_record
TN:
SF:index.js
FN:14,(anonymous_0)
FN:19,(anonymous_1)
FN:40,(anonymous_2)
FN:57,(anonymous_3)
FN:84,(anonymous_4)
FN:102,(anonymous_5)
FN:170,(anonymous_6)
FN:189,(anonymous_7)
FN:209,(anonymous_8)
FN:227,(anonymous_9)
FNF:10
FNH:6
FNDA:0,(anonymous_0)
FNDA:4,(anonymous_1)
FNDA:0,(anonymous_2)
FNDA:3,(anonymous_3)
FNDA:0,(anonymous_4)
FNDA:10,(anonymous_5)
FNDA:3,(anonymous_6)
FNDA:3,(anonymous_7)
FNDA:3,(anonymous_8)
FNDA:0,(anonymous_9)
DA:1,1
DA:2,1
DA:3,1
DA:4,1
DA:6,1
DA:7,1
DA:10,1
DA:11,1
DA:14,1
DA:15,0
DA:19,1
DA:20,4
DA:21,4
DA:22,4
DA:23,4
DA:25,4
DA:26,2
DA:27,2
DA:30,4
DA:31,4
DA:32,3
DA:34,1
DA:35,1
DA:40,1
DA:41,0
DA:42,0
DA:43,0
DA:45,0
DA:46,0
DA:49,0
DA:51,0
DA:52,0
DA:57,1
DA:58,3
DA:59,3
DA:60,3
DA:72,2
DA:73,1
DA:76,1
DA:78,1
DA:79,1
DA:84,1
DA:85,0
DA:86,0
DA:87,0
DA:94,0
DA:96,0
DA:97,0
DA:102,1
DA:103,10
DA:104,10
DA:107,10
DA:115,10
DA:116,1
DA:119,9
DA:121,9
DA:122,2
DA:126,7
DA:133,7
DA:135,7
DA:136,2
DA:140,5
DA:142,5
DA:143,1
DA:146,4
DA:148,4
DA:149,1
DA:153,3
DA:159,3
DA:164,0
DA:165,0
DA:170,1
DA:171,3
DA:172,3
DA:173,3
DA:181,2
DA:183,1
DA:184,1
DA:189,1
DA:190,3
DA:191,3
DA:192,3
DA:194,3
DA:201,2
DA:203,1
DA:204,1
DA:209,1
DA:210,3
DA:211,3
DA:213,3
DA:218,2
DA:220,1
DA:221,1
DA:226,1
DA:227,0
DA:228,0
DA:232,1
LF:97
LH:78
BRDA:7,0,0,1
BRDA:7,0,1,0
BRDA:25,1,0,2
BRDA:25,1,1,2
BRDA:45,2,0,0
BRDA:45,2,1,0
BRDA:72,3,0,1
BRDA:72,3,1,1
BRDA:104,4,0,9
BRDA:115,5,0,1
BRDA:115,5,1,9
BRDA:121,6,0,2
BRDA:121,6,1,7
BRDA:135,7,0,2
BRDA:135,7,1,5
BRDA:142,8,0,1
BRDA:142,8,1,4
BRDA:148,9,0,1
BRDA:148,9,1,3
BRDA:148,10,0,4
BRDA:148,10,1,2
BRDA:201,11,0,2
BRDA:201,11,1,1
BRDA:226,12,0,0
BRDA:226,12,1,1
BRF:25
BRH:21
end_of_record
